<?xml version="1.0" encoding="UTF-8"?>
<!-- Generated by org.testng.reporters.JUnitReportReporter -->
<testsuite hostname="IS-5093s-MBP" failures="0" tests="1" name="com.qa.testdemo.SimpleTestDemo" time="0.187" errors="0" timestamp="2022-08-02T16:38:22 PDT" skipped="0">
  <testcase classname="com.qa.testdemo.SimpleTestDemo" name="verifySignInLinkTest" time="0.187"/>
  <system-out/>
</testsuite> <!-- com.qa.testdemo.SimpleTestDemo -->
